Arguments: 
  /Users/jiangyanghe/.nvm/versions/node/v8.10.0/bin/node /usr/local/Cellar/yarn/1.17.3/libexec/bin/yarn.js add vue-loader style-loader css-loader less-loader babel-loader @vue/cli-plugin-babel url-loader file-loader htm-webpack-plugin clean-webpack-plugin optimize-css-assets-webpack-plugin terser-webpack-plugin webpack mini-css-extract-plugin optimize-css-assets-webpack-plugin

PATH: 
  /Users/jiangyanghe/.nvm/versions/node/v8.10.0/bin:/usr/local/bin:/usr/bin:/bin:/usr/sbin:/sbin:/Library/Apple/usr/bin

Yarn version: 
  1.17.3

Node version: 
  8.10.0

Platform: 
  darwin x64

Trace: 
  Error: https://registry.npm.taobao.org/htm-webpack-plugin: Not found
      at Request.params.callback [as _callback] (/usr/local/Cellar/yarn/1.17.3/libexec/lib/cli.js:66830:18)
      at Request.self.callback (/usr/local/Cellar/yarn/1.17.3/libexec/lib/cli.js:140464:22)
      at emitTwo (events.js:126:13)
      at Request.emit (events.js:214:7)
      at Request.<anonymous> (/usr/local/Cellar/yarn/1.17.3/libexec/lib/cli.js:141436:10)
      at emitOne (events.js:116:13)
      at Request.emit (events.js:211:7)
      at IncomingMessage.<anonymous> (/usr/local/Cellar/yarn/1.17.3/libexec/lib/cli.js:141358:12)
      at Object.onceWrapper (events.js:313:30)
      at emitNone (events.js:111:20)

npm manifest: 
  {
    "name": "vue-app-base",
    "version": "0.1.0",
    "private": true,
    "scripts": {
      "serve": "webpack-dev-server --config webpack.dev.js --open",
      "build": "webpack --config webpack.prod.js",
      "lint": "eslint ./src"
    },
    "dependencies": {
      "core-js": "^3.6.5",
      "path": "^0.12.7",
      "vue": "^2.6.11"
    },
    "devDependencies": {},
    "eslintConfig": {
      "root": true,
      "env": {
        "node": true
      },
      "extends": [
        "plugin:vue/essential",
        "eslint:recommended"
      ],
      "parserOptions": {
        "parser": "babel-eslint"
      },
      "rules": {}
    },
    "browserslist": [
      "> 1%",
      "last 2 versions",
      "not dead"
    ]
  }

yarn manifest: 
  No manifest

Lockfile: 
  # THIS IS AN AUTOGENERATED FILE. DO NOT EDIT THIS FILE DIRECTLY.
  # yarn lockfile v1
  
  
  core-js@^3.6.5:
    version "3.10.0"
    resolved "https://registry.npm.taobao.org/core-js/download/core-js-3.10.0.tgz?cache=0&sync_timestamp=1617181724044&other_urls=https%3A%2F%2Fregistry.npm.taobao.org%2Fcore-js%2Fdownload%2Fcore-js-3.10.0.tgz#9a020547c8b6879f929306949e31496bbe2ae9b3"
    integrity sha1-mgIFR8i2h5+SkwaUnjFJa74q6bM=
  
  inherits@2.0.3:
    version "2.0.3"
    resolved "https://registry.npm.taobao.org/inherits/download/inherits-2.0.3.tgz#633c2c83e3da42a502f52466022480f4208261de"
    integrity sha1-Yzwsg+PaQqUC9SRmAiSA9CCCYd4=
  
  path@^0.12.7:
    version "0.12.7"
    resolved "https://registry.npm.taobao.org/path/download/path-0.12.7.tgz#d4dc2a506c4ce2197eb481ebfcd5b36c0140b10f"
    integrity sha1-1NwqUGxM4hl+tIHr/NWzbAFAsQ8=
    dependencies:
      process "^0.11.1"
      util "^0.10.3"
  
  process@^0.11.1:
    version "0.11.10"
    resolved "https://registry.npm.taobao.org/process/download/process-0.11.10.tgz#7332300e840161bda3e69a1d1d91a7d4bc16f182"
    integrity sha1-czIwDoQBYb2j5podHZGn1LwW8YI=
  
  util@^0.10.3:
    version "0.10.4"
    resolved "https://registry.npm.taobao.org/util/download/util-0.10.4.tgz#3aa0125bfe668a4672de58857d3ace27ecb76901"
    integrity sha1-OqASW/5mikZy3liFfTrOJ+y3aQE=
    dependencies:
      inherits "2.0.3"
  
  vue@^2.6.11:
    version "2.6.12"
    resolved "https://registry.npm.taobao.org/vue/download/vue-2.6.12.tgz#f5ebd4fa6bd2869403e29a896aed4904456c9123"
    integrity sha1-9evU+mvShpQD4pqJau1JBEVskSM=
